app/build/outputs/logs/manifest-merger-debug-report.txt
-- Merging decision tree log ---
manifest
ADDED from src\main\AndroidManifest.xml:2:1-74:12
INJECTED from src\main\AndroidManifest.xml:2:1-74:12
INJECTED from src\main\AndroidManifest.xml:2:1-74:12
INJECTED from src\main\AndroidManifest.xml:2:1-74:12
MERGED from [:lib_calendar] AndroidManifest.xml:2:1-11:12
MERGED from [pub.devrel:easypermissions:0.4.3] AndroidManifest.xml:2:1-19:12
MERGED from [com.android.support:design:28.0.0] AndroidManifest.xml:17:1-24:12
MERGED from [com.android.support:appcompat-v7:28.0.0] AndroidManifest.xml:17:1-22:12
MERGED from [com.android.support.constraint:constraint-layout:1.1.3] AndroidManifest.xml:2:1-11:12
MERGED from [com.github.razerdp:BasePopup:2.2.1] AndroidManifest.xml:2:1-19:12
MERGED from [com.github.razerdp:BasePopup-compat-support:2.2.1] AndroidManifest.xml:2:1-11:12
MERGED from [:flutter] AndroidManifest.xml:3:1-28:12
MERGED from [com.android.support:recyclerview-v7:28.0.0] AndroidManifest.xml:17:1-22:12
MERGED from [com.android.support:support-v4:28.0.0] AndroidManifest.xml:17:1-22:12
MERGED from [:shared_preferences] AndroidManifest.xml:2:1-7:12
MERGED from [:shared_preferences_web] AndroidManifest.xml:2:1-7:12
MERGED from [:shared_preferences_macos] AndroidManifest.xml:2:1-7:12
MERGED from [:sqflite] AndroidManifest.xml:2:1-7:12
MERGED from [:path_provider] AndroidManifest.xml:2:1-7:12
MERGED from [:device_info] AndroidManifest.xml:2:1-7:12
MERGED from [com.android.support:support-fragment:28.0.0] AndroidManifest.xml:17:1-22:12
MERGED from [com.android.support:animated-vector-drawable:28.0.0] AndroidManifest.xml:17:1-22:12
MERGED from [com.android.support:support-core-ui:28.0.0] AndroidManifest.xml:17:1-22:12
MERGED from [com.android.support:support-core-utils:28.0.0] AndroidManifest.xml:17:1-22:12
MERGED from [com.android.support:support-vector-drawable:28.0.0] AndroidManifest.xml:17:1-22:12
MERGED from [com.android.support:transition:28.0.0] AndroidManifest.xml:17:1-22:12
MERGED from [com.android.support:support-media-compat:28.0.0] AndroidManifest.xml:17:1-22:12
MERGED from [com.android.support:loader:28.0.0] AndroidManifest.xml:17:1-22:12
MERGED from [com.android.support:viewpager:28.0.0] AndroidManifest.xml:17:1-22:12
MERGED from [com.android.support:coordinatorlayout:28.0.0] AndroidManifest.xml:17:1-22:12
MERGED from [com.android.support:drawerlayout:28.0.0] AndroidManifest.xml:17:1-22:12
MERGED from [com.android.support:slidingpanelayout:28.0.0] AndroidManifest.xml:17:1-22:12
MERGED from [com.android.support:customview:28.0.0] AndroidManifest.xml:17:1-22:12
MERGED from [com.android.support:swiperefreshlayout:28.0.0] AndroidManifest.xml:17:1-22:12
MERGED from [com.android.support:asynclayoutinflater:28.0.0] AndroidManifest.xml:17:1-22:12
MERGED from [com.android.support:support-compat:28.0.0] AndroidManifest.xml:17:1-24:12
MERGED from [com.android.support:versionedparcelable:28.0.0] AndroidManifest.xml:17:1-25:12
MERGED from [com.android.support:cursoradapter:28.0.0] AndroidManifest.xml:17:1-22:12
MERGED from [com.android.support:cardview-v7:28.0.0] AndroidManifest.xml:17:1-22:12
MERGED from [android.arch.lifecycle:runtime:1.1.1] AndroidManifest.xml:17:1-22:12
MERGED from [com.android.support:documentfile:28.0.0] AndroidManifest.xml:17:1-22:12
MERGED from [com.android.support:localbroadcastmanager:28.0.0] AndroidManifest.xml:17:1-22:12
MERGED from [com.android.support:print:28.0.0] AndroidManifest.xml:17:1-22:12
MERGED from [android.arch.lifecycle:viewmodel:1.1.1] AndroidManifest.xml:17:1-22:12
MERGED from [com.android.support:interpolator:28.0.0] AndroidManifest.xml:17:1-22:12
MERGED from [android.arch.lifecycle:livedata:1.1.1] AndroidManifest.xml:17:1-22:12
MERGED from [android.arch.lifecycle:livedata-core:1.1.1] AndroidManifest.xml:17:1-22:12
MERGED from [android.arch.core:runtime:1.1.1] AndroidManifest.xml:17:1-22:12
INJECTED from src\main\AndroidManifest.xml:2:1-74:12
INJECTED from src\main\AndroidManifest.xml:2:1-74:12
INJECTED from src\main\AndroidManifest.xml:2:1-74:12
	package
		ADDED from src\main\AndroidManifest.xml:4:5-39
		INJECTED from src\main\AndroidManifest.xml
		INJECTED from src\main\AndroidManifest.xml
	android:versionName
		INJECTED from src\main\AndroidManifest.xml
		ADDED from src\main\AndroidManifest.xml:2:1-74:12
		INJECTED from src\main\AndroidManifest.xml
	xmlns:tools
		ADDED from src\main\AndroidManifest.xml:3:5-51
	android:versionCode
		INJECTED from src\main\AndroidManifest.xml
		ADDED from src\main\AndroidManifest.xml:2:1-74:12
		INJECTED from src\main\AndroidManifest.xml
	xmlns:android
		ADDED from src\main\AndroidManifest.xml:2:11-69
uses-permission#android.permission.INTERNET
ADDED from src\main\AndroidManifest.xml:7:5-67
MERGED from [:flutter] AndroidManifest.xml:13:5-67
MERGED from [:flutter] AndroidManifest.xml:13:5-67
	android:name
		ADDED from src\main\AndroidManifest.xml:7:22-64
uses-permission#android.permission.WRITE_EXTERNAL_STORAGE
ADDED from src\main\AndroidManifest.xml:8:5-81
	android:name
		ADDED from src\main\AndroidManifest.xml:8:22-78
uses-permission#android.permission.READ_EXTERNAL_STORAGE
ADDED from src\main\AndroidManifest.xml:9:5-80
	android:name
		ADDED from src\main\AndroidManifest.xml:9:22-77
application
ADDED from src\main\AndroidManifest.xml:11:5-72:19
MERGED from [pub.devrel:easypermissions:0.4.3] AndroidManifest.xml:11:5-17:19
MERGED from [pub.devrel:easypermissions:0.4.3] AndroidManifest.xml:11:5-17:19
MERGED from [com.android.support:design:28.0.0] AndroidManifest.xml:22:5-20
MERGED from [com.android.support:design:28.0.0] AndroidManifest.xml:22:5-20
MERGED from [com.android.support.constraint:constraint-layout:1.1.3] AndroidManifest.xml:9:5-20
MERGED from [com.android.support.constraint:constraint-layout:1.1.3] AndroidManifest.xml:9:5-20
MERGED from [com.github.razerdp:BasePopup:2.2.1] AndroidManifest.xml:11:5-17:19
MERGED from [com.github.razerdp:BasePopup:2.2.1] AndroidManifest.xml:11:5-17:19
MERGED from [:flutter] AndroidManifest.xml:15:5-26:19
MERGED from [:flutter] AndroidManifest.xml:15:5-26:19
MERGED from [com.android.support:support-compat:28.0.0] AndroidManifest.xml:22:5-94
MERGED from [com.android.support:support-compat:28.0.0] AndroidManifest.xml:22:5-94
MERGED from [com.android.support:versionedparcelable:28.0.0] AndroidManifest.xml:22:5-23:19
MERGED from [com.android.support:versionedparcelable:28.0.0] AndroidManifest.xml:22:5-23:19
	tools:node
		ADDED from [:flutter] AndroidManifest.xml:15:18-36
	android:appComponentFactory
		ADDED from [com.android.support:support-compat:28.0.0] AndroidManifest.xml:22:18-91
	android:supportsRtl
		ADDED from src\main\AndroidManifest.xml:16:9-35
	android:label
		ADDED from src\main\AndroidManifest.xml:15:9-41
	android:icon
		ADDED from src\main\AndroidManifest.xml:14:9-43
	android:allowBackup
		ADDED from src\main\AndroidManifest.xml:13:9-35
	android:theme
		ADDED from src\main\AndroidManifest.xml:17:9-40
	android:name
		ADDED from src\main\AndroidManifest.xml:12:9-28
activity#com.silang.superfileview.MainActivity
ADDED from src\main\AndroidManifest.xml:18:9-24:20
	android:name
		ADDED from src\main\AndroidManifest.xml:18:19-47
intent-filter#action:name:android.intent.action.MAIN+category:name:android.intent.category.LAUNCHER
ADDED from src\main\AndroidManifest.xml:19:13-23:29
action#android.intent.action.MAIN
ADDED from src\main\AndroidManifest.xml:20:17-69
	android:name
		ADDED from src\main\AndroidManifest.xml:20:25-66
category#android.intent.category.LAUNCHER
ADDED from src\main\AndroidManifest.xml:22:17-77
	android:name
		ADDED from src\main\AndroidManifest.xml:22:27-74
activity#com.silang.superfileview.FileDisplayActivity
ADDED from src\main\AndroidManifest.xml:27:9-29:16
	android:name
		ADDED from src\main\AndroidManifest.xml:28:13-48
activity#com.silang.superfileview.calendar.mutl.MultiActivity
ADDED from src\main\AndroidManifest.xml:30:9-65
	android:name
		ADDED from src\main\AndroidManifest.xml:30:19-62
activity#com.silang.superfileview.calendar.single.SingleActivity
ADDED from src\main\AndroidManifest.xml:31:9-68
	android:name
		ADDED from src\main\AndroidManifest.xml:31:19-65
activity#com.silang.superfileview.calendar.atview.ATviewAct
ADDED from src\main\AndroidManifest.xml:32:9-63
	android:name
		ADDED from src\main\AndroidManifest.xml:32:19-60
activity#com.silang.superfileview.calendar.car.LinearNormalActivity
ADDED from src\main\AndroidManifest.xml:33:9-71
	android:name
		ADDED from src\main\AndroidManifest.xml:33:19-68
activity#com.silang.superfileview.calendar.popupwindow.PopupWindowAct
ADDED from src\main\AndroidManifest.xml:34:9-73
	android:name
		ADDED from src\main\AndroidManifest.xml:34:19-70
activity#com.silang.superfileview.dy.MyLogAct
ADDED from src\main\AndroidManifest.xml:35:9-49
	android:name
		ADDED from src\main\AndroidManifest.xml:35:19-46
activity#com.silang.superfileview.MyFlutterActivity
ADDED from src\main\AndroidManifest.xml:36:9-55
	android:name
		ADDED from src\main\AndroidManifest.xml:36:19-52
activity#com.silang.superfileview.dy.FlutterActDemo
ADDED from src\main\AndroidManifest.xml:38:9-55
	android:name
		ADDED from src\main\AndroidManifest.xml:38:19-52
activity#io.flutter.embedding.android.FlutterActivity
ADDED from src\main\AndroidManifest.xml:42:9-49:15
	android:hardwareAccelerated
		ADDED from src\main\AndroidManifest.xml:46:13-47
	android:windowSoftInputMode
		ADDED from src\main\AndroidManifest.xml:47:13-55
	android:exported
		ADDED from src\main\AndroidManifest.xml:48:13-36
	android:configChanges
		ADDED from src\main\AndroidManifest.xml:45:13-137
	android:theme
		ADDED from src\main\AndroidManifest.xml:44:13-46
	android:name
		ADDED from src\main\AndroidManifest.xml:43:13-72
activity#io.flutter.app.FlutterActivity
ADDED from src\main\AndroidManifest.xml:50:9-57:15
	android:hardwareAccelerated
		ADDED from src\main\AndroidManifest.xml:54:13-47
	android:windowSoftInputMode
		ADDED from src\main\AndroidManifest.xml:55:13-55
	android:exported
		ADDED from src\main\AndroidManifest.xml:56:13-36
	android:configChanges
		ADDED from src\main\AndroidManifest.xml:53:13-137
	android:theme
		ADDED from src\main\AndroidManifest.xml:52:13-46
	android:name
		ADDED from src\main\AndroidManifest.xml:51:13-58
activity#com.silang.superfileview.flutter.MainFlutterActivity2
ADDED from src\main\AndroidManifest.xml:58:9-70:20
	android:launchMode
		ADDED from src\main\AndroidManifest.xml:60:13-43
	android:hardwareAccelerated
		ADDED from src\main\AndroidManifest.xml:62:13-47
	android:windowSoftInputMode
		ADDED from src\main\AndroidManifest.xml:63:13-55
	android:configChanges
		ADDED from src\main\AndroidManifest.xml:61:13-106
	android:name
		ADDED from src\main\AndroidManifest.xml:59:13-57
intent-filter#action:name:android.intent.action.SEND+category:name:android.intent.category.DEFAULT+data:mimeType:text/plain
ADDED from src\main\AndroidManifest.xml:65:13-69:29
action#android.intent.action.SEND
ADDED from src\main\AndroidManifest.xml:66:17-69
	android:name
		ADDED from src\main\AndroidManifest.xml:66:25-66
category#android.intent.category.DEFAULT
ADDED from src\main\AndroidManifest.xml:67:17-76
	android:name
		ADDED from src\main\AndroidManifest.xml:67:27-73
data
ADDED from src\main\AndroidManifest.xml:68:17-55
	android:mimeType
		ADDED from src\main\AndroidManifest.xml:68:23-52
activity#com.silang.superfileview.flutter.MainEmbeddingActivity
ADDED from src\main\AndroidManifest.xml:71:9-67
	android:name
		ADDED from src\main\AndroidManifest.xml:71:19-64
uses-sdk
INJECTED from src\main\AndroidManifest.xml reason: use-sdk injection requested
INJECTED from src\main\AndroidManifest.xml
INJECTED from src\main\AndroidManifest.xml
MERGED from [:lib_calendar] AndroidManifest.xml:7:5-9:41
MERGED from [:lib_calendar] AndroidManifest.xml:7:5-9:41
MERGED from [pub.devrel:easypermissions:0.4.3] AndroidManifest.xml:7:5-9:41
MERGED from [pub.devrel:easypermissions:0.4.3] AndroidManifest.xml:7:5-9:41
MERGED from [com.android.support:design:28.0.0] AndroidManifest.xml:20:5-44
MERGED from [com.android.support:design:28.0.0] AndroidManifest.xml:20:5-44
MERGED from [com.android.support:appcompat-v7:28.0.0] AndroidManifest.xml:20:5-44
MERGED from [com.android.support:appcompat-v7:28.0.0] AndroidManifest.xml:20:5-44
MERGED from [com.android.support.constraint:constraint-layout:1.1.3] AndroidManifest.xml:5:5-7:41
MERGED from [com.android.support.constraint:constraint-layout:1.1.3] AndroidManifest.xml:5:5-7:41
MERGED from [com.github.razerdp:BasePopup:2.2.1] AndroidManifest.xml:7:5-9:41
MERGED from [com.github.razerdp:BasePopup:2.2.1] AndroidManifest.xml:7:5-9:41
MERGED from [com.github.razerdp:BasePopup-compat-support:2.2.1] AndroidManifest.xml:7:5-9:41
MERGED from [com.github.razerdp:BasePopup-compat-support:2.2.1] AndroidManifest.xml:7:5-9:41
MERGED from [:flutter] AndroidManifest.xml:9:5-11:41
MERGED from [:flutter] AndroidManifest.xml:9:5-11:41
MERGED from [com.android.support:recyclerview-v7:28.0.0] AndroidManifest.xml:20:5-44
MERGED from [com.android.support:recyclerview-v7:28.0.0] AndroidManifest.xml:20:5-44
MERGED from [com.android.support:support-v4:28.0.0] AndroidManifest.xml:20:5-44
MERGED from [com.android.support:support-v4:28.0.0] AndroidManifest.xml:20:5-44
MERGED from [:shared_preferences] AndroidManifest.xml:5:5-44
MERGED from [:shared_preferences] AndroidManifest.xml:5:5-44
MERGED from [:shared_preferences_web] AndroidManifest.xml:5:5-44
MERGED from [:shared_preferences_web] AndroidManifest.xml:5:5-44
MERGED from [:shared_preferences_macos] AndroidManifest.xml:5:5-44
MERGED from [:shared_preferences_macos] AndroidManifest.xml:5:5-44
MERGED from [:sqflite] AndroidManifest.xml:5:5-44
MERGED from [:sqflite] AndroidManifest.xml:5:5-44
MERGED from [:path_provider] AndroidManifest.xml:5:5-44
MERGED from [:path_provider] AndroidManifest.xml:5:5-44
MERGED from [:device_info] AndroidManifest.xml:5:5-44
MERGED from [:device_info] AndroidManifest.xml:5:5-44
MERGED from [com.android.support:support-fragment:28.0.0] AndroidManifest.xml:20:5-44
MERGED from [com.android.support:support-fragment:28.0.0] AndroidManifest.xml:20:5-44
MERGED from [com.android.support:animated-vector-drawable:28.0.0] AndroidManifest.xml:20:5-44
MERGED from [com.android.support:animated-vector-drawable:28.0.0] AndroidManifest.xml:20:5-44
MERGED from [com.android.support:support-core-ui:28.0.0] AndroidManifest.xml:20:5-44
MERGED from [com.android.support:support-core-ui:28.0.0] AndroidManifest.xml:20:5-44
MERGED from [com.android.support:support-core-utils:28.0.0] AndroidManifest.xml:20:5-44
MERGED from [com.android.support:support-core-utils:28.0.0] AndroidManifest.xml:20:5-44
MERGED from [com.android.support:support-vector-drawable:28.0.0] AndroidManifest.xml:20:5-44
MERGED from [com.android.support:support-vector-drawable:28.0.0] AndroidManifest.xml:20:5-44
MERGED from [com.android.support:transition:28.0.0] AndroidManifest.xml:20:5-44
MERGED from [com.android.support:transition:28.0.0] AndroidManifest.xml:20:5-44
MERGED from [com.android.support:support-media-compat:28.0.0] AndroidManifest.xml:20:5-44
MERGED from [com.android.support:support-media-compat:28.0.0] AndroidManifest.xml:20:5-44
MERGED from [com.android.support:loader:28.0.0] AndroidManifest.xml:20:5-44
MERGED from [com.android.support:loader:28.0.0] AndroidManifest.xml:20:5-44
MERGED from [com.android.support:viewpager:28.0.0] AndroidManifest.xml:20:5-44
MERGED from [com.android.support:viewpager:28.0.0] AndroidManifest.xml:20:5-44
MERGED from [com.android.support:coordinatorlayout:28.0.0] AndroidManifest.xml:20:5-44
MERGED from [com.android.support:coordinatorlayout:28.0.0] AndroidManifest.xml:20:5-44
MERGED from [com.android.support:drawerlayout:28.0.0] AndroidManifest.xml:20:5-44
MERGED from [com.android.support:drawerlayout:28.0.0] AndroidManifest.xml:20:5-44
MERGED from [com.android.support:slidingpanelayout:28.0.0] AndroidManifest.xml:20:5-44
MERGED from [com.android.support:slidingpanelayout:28.0.0] AndroidManifest.xml:20:5-44
MERGED from [com.android.support:customview:28.0.0] AndroidManifest.xml:20:5-44
MERGED from [com.android.support:customview:28.0.0] AndroidManifest.xml:20:5-44
MERGED from [com.android.support:swiperefreshlayout:28.0.0] AndroidManifest.xml:20:5-44
MERGED from [com.android.support:swiperefreshlayout:28.0.0] AndroidManifest.xml:20:5-44
MERGED from [com.android.support:asynclayoutinflater:28.0.0] AndroidManifest.xml:20:5-44
MERGED from [com.android.support:asynclayoutinflater:28.0.0] AndroidManifest.xml:20:5-44
MERGED from [com.android.support:support-compat:28.0.0] AndroidManifest.xml:20:5-44
MERGED from [com.android.support:support-compat:28.0.0] AndroidManifest.xml:20:5-44
MERGED from [com.android.support:versionedparcelable:28.0.0] AndroidManifest.xml:20:5-44
MERGED from [com.android.support:versionedparcelable:28.0.0] AndroidManifest.xml:20:5-44
MERGED from [com.android.support:cursoradapter:28.0.0] AndroidManifest.xml:20:5-44
MERGED from [com.android.support:cursoradapter:28.0.0] AndroidManifest.xml:20:5-44
MERGED from [com.android.support:cardview-v7:28.0.0] AndroidManifest.xml:20:5-44
MERGED from [com.android.support:cardview-v7:28.0.0] AndroidManifest.xml:20:5-44
MERGED from [android.arch.lifecycle:runtime:1.1.1] AndroidManifest.xml:20:5-44
MERGED from [android.arch.lifecycle:runtime:1.1.1] AndroidManifest.xml:20:5-44
MERGED from [com.android.support:documentfile:28.0.0] AndroidManifest.xml:20:5-44
MERGED from [com.android.support:documentfile:28.0.0] AndroidManifest.xml:20:5-44
MERGED from [com.android.support:localbroadcastmanager:28.0.0] AndroidManifest.xml:20:5-44
MERGED from [com.android.support:localbroadcastmanager:28.0.0] AndroidManifest.xml:20:5-44
MERGED from [com.android.support:print:28.0.0] AndroidManifest.xml:20:5-44
MERGED from [com.android.support:print:28.0.0] AndroidManifest.xml:20:5-44
MERGED from [android.arch.lifecycle:viewmodel:1.1.1] AndroidManifest.xml:20:5-44
MERGED from [android.arch.lifecycle:viewmodel:1.1.1] AndroidManifest.xml:20:5-44
MERGED from [com.android.support:interpolator:28.0.0] AndroidManifest.xml:20:5-44
MERGED from [com.android.support:interpolator:28.0.0] AndroidManifest.xml:20:5-44
MERGED from [android.arch.lifecycle:livedata:1.1.1] AndroidManifest.xml:20:5-44
MERGED from [android.arch.lifecycle:livedata:1.1.1] AndroidManifest.xml:20:5-44
MERGED from [android.arch.lifecycle:livedata-core:1.1.1] AndroidManifest.xml:20:5-44
MERGED from [android.arch.lifecycle:livedata-core:1.1.1] AndroidManifest.xml:20:5-44
MERGED from [android.arch.core:runtime:1.1.1] AndroidManifest.xml:20:5-44
MERGED from [android.arch.core:runtime:1.1.1] AndroidManifest.xml:20:5-44
INJECTED from src\main\AndroidManifest.xml
INJECTED from src\main\AndroidManifest.xml
	android:targetSdkVersion
		INJECTED from src\main\AndroidManifest.xml
		ADDED from src\main\AndroidManifest.xml
		INJECTED from src\main\AndroidManifest.xml
	android:minSdkVersion
		INJECTED from src\main\AndroidManifest.xml
		ADDED from src\main\AndroidManifest.xml
		INJECTED from src\main\AndroidManifest.xml
activity#pub.devrel.easypermissions.AppSettingsDialogHolderActivity
ADDED from [pub.devrel:easypermissions:0.4.3] AndroidManifest.xml:12:9-16:66
	android:label
		ADDED from [pub.devrel:easypermissions:0.4.3] AndroidManifest.xml:15:13-29
	android:exported
		ADDED from [pub.devrel:easypermissions:0.4.3] AndroidManifest.xml:14:13-37
	android:theme
		ADDED from [pub.devrel:easypermissions:0.4.3] AndroidManifest.xml:16:13-63
	android:name
		ADDED from [pub.devrel:easypermissions:0.4.3] AndroidManifest.xml:13:13-86
provider#razerdp.basepopup.BasePopupRuntimeTrojanProvider
ADDED from [com.github.razerdp:BasePopup:2.2.1] AndroidManifest.xml:12:9-16:44
	android:authorities
		ADDED from [com.github.razerdp:BasePopup:2.2.1] AndroidManifest.xml:14:13-68
	android:multiprocess
		ADDED from [com.github.razerdp:BasePopup:2.2.1] AndroidManifest.xml:16:13-41
	android:exported
		ADDED from [com.github.razerdp:BasePopup:2.2.1] AndroidManifest.xml:15:13-37
	android:name
		ADDED from [com.github.razerdp:BasePopup:2.2.1] AndroidManifest.xml:13:13-76
meta-data#flutterProjectType
ADDED from [:flutter] AndroidManifest.xml:16:9-18:38
	android:value
		ADDED from [:flutter] AndroidManifest.xml:18:13-35
	android:name
		ADDED from [:flutter] AndroidManifest.xml:17:13-46
meta-data#flutterEmbedding
ADDED from [:flutter] AndroidManifest.xml:23:9-25:33
	android:value
		ADDED from [:flutter] AndroidManifest.xml:25:13-30
	android:name
		ADDED from [:flutter] AndroidManifest.xml:24:13-44